<?xml version="1.0" encoding="UTF-8"?>
<!-- Generated by org.testng.reporters.JUnitReportReporter -->
<testsuite hostname="THINKPAD-DEO" failures="0" tests="1" name="baselibrary.Baselibrary" time="6.570" errors="0" timestamp="2024-08-29T10:45:00 IST" skipped="0">
  <testcase classname="baselibrary.Baselibrary" name="launchBrowser" time="6.570"/>
</testsuite> <!-- baselibrary.Baselibrary -->
